[debug] [2021-08-09T21:48:56.019Z] ----------------------------------------------------------------------
[debug] [2021-08-09T21:48:56.020Z] Command:       C:\Users\danie\anaconda3\node.exe C:\Users\danie\AppData\Roaming\npm\node_modules\firebase-tools\lib\bin\firebase.js deploy --only functions
[debug] [2021-08-09T21:48:56.021Z] CLI Version:   9.16.0
[debug] [2021-08-09T21:48:56.021Z] Platform:      win32
[debug] [2021-08-09T21:48:56.021Z] Node Version:  v12.19.0
[debug] [2021-08-09T21:48:56.021Z] Time:          Mon Aug 09 2021 17:48:56 GMT-0400 (Eastern Daylight Time)
[debug] [2021-08-09T21:48:56.022Z] ----------------------------------------------------------------------
[debug] 
[debug] [2021-08-09T21:48:56.071Z] > command requires scopes: ["email","openid","https://www.googleapis.com/auth/cloudplatformprojects.readonly","https://www.googleapis.com/auth/firebase","https://www.googleapis.com/auth/cloud-platform"]
[debug] [2021-08-09T21:48:56.071Z] > authorizing via signed-in user (danielchicchon@gmail.com)
[debug] [2021-08-09T21:48:56.071Z] [iam] checking project polus-cc376 for permissions ["cloudfunctions.functions.create","cloudfunctions.functions.delete","cloudfunctions.functions.get","cloudfunctions.functions.list","cloudfunctions.functions.update","cloudfunctions.operations.get","firebase.projects.get"]
[debug] [2021-08-09T21:48:56.073Z] >>> HTTP REQUEST POST https://cloudresourcemanager.googleapis.com/v1/projects/polus-cc376:testIamPermissions  
 {"permissions":["cloudfunctions.functions.create","cloudfunctions.functions.delete","cloudfunctions.functions.get","cloudfunctions.functions.list","cloudfunctions.functions.update","cloudfunctions.operations.get","firebase.projects.get"]}
[debug] [2021-08-09T21:48:56.252Z] <<< HTTP RESPONSE 200 {"content-type":"application/json; charset=UTF-8","vary":"X-Origin, Referer, Origin,Accept-Encoding","date":"Mon, 09 Aug 2021 21:48:56 GMT","server":"ESF","cache-control":"private","x-xss-protection":"0","x-frame-options":"SAMEORIGIN","x-content-type-options":"nosniff","server-timing":"gfet4t7; dur=123","alt-svc":"h3=\":443\"; ma=2592000,h3-29=\":443\"; ma=2592000,h3-T051=\":443\"; ma=2592000,h3-Q050=\":443\"; ma=2592000,h3-Q046=\":443\"; ma=2592000,h3-Q043=\":443\"; ma=2592000,quic=\":443\"; ma=2592000; v=\"46,43\"","accept-ranges":"none","transfer-encoding":"chunked"}
[debug] [2021-08-09T21:48:56.255Z] >>> HTTP REQUEST POST https://iam.googleapis.com/v1/projects/polus-cc376/serviceAccounts/polus-cc376@appspot.gserviceaccount.com:testIamPermissions  
 {"permissions":["iam.serviceAccounts.actAs"]}
[debug] [2021-08-09T21:48:56.356Z] <<< HTTP RESPONSE 200 {"content-type":"application/json; charset=UTF-8","vary":"X-Origin, Referer, Origin,Accept-Encoding","date":"Mon, 09 Aug 2021 21:48:56 GMT","server":"ESF","cache-control":"private","x-xss-protection":"0","x-frame-options":"SAMEORIGIN","x-content-type-options":"nosniff","alt-svc":"h3=\":443\"; ma=2592000,h3-29=\":443\"; ma=2592000,h3-T051=\":443\"; ma=2592000,h3-Q050=\":443\"; ma=2592000,h3-Q046=\":443\"; ma=2592000,h3-Q043=\":443\"; ma=2592000,quic=\":443\"; ma=2592000; v=\"46,43\"","accept-ranges":"none","transfer-encoding":"chunked"}
[info] 
[info] === Deploying to 'polus-cc376'...
[info] 
[info] i  deploying functions 
[info] Running command: npm --prefix "$RESOURCE_DIR" run lint
[info] +  functions: Finished running predeploy script. 
[debug] [2021-08-09T21:48:57.213Z] Validating nodejs source
[debug] [2021-08-09T21:48:59.490Z] > [functions] package.json contents: {
  "name": "functions",
  "description": "Cloud Functions for Firebase",
  "scripts": {
    "lint": "eslint",
    "serve": "firebase emulators:start --only functions",
    "shell": "firebase functions:shell",
    "start": "npm run shell",
    "deploy": "firebase deploy --only functions",
    "logs": "firebase functions:log"
  },
  "engines": {
    "node": "14"
  },
  "main": "index.js",
  "dependencies": {
    "firebase-admin": "^9.8.0",
    "firebase-functions": "^3.14.1"
  },
  "devDependencies": {
    "eslint": "^7.6.0",
    "eslint-config-google": "^0.14.0",
    "firebase-functions-test": "^0.2.0"
  },
  "private": true
}
[debug] [2021-08-09T21:48:59.490Z] Building nodejs source
[info] i  functions: ensuring required API cloudfunctions.googleapis.com is enabled... 
[info] i  functions: ensuring required API cloudbuild.googleapis.com is enabled... 
[debug] [2021-08-09T21:48:59.491Z] >>> HTTP REQUEST GET https://serviceusage.googleapis.com/v1/projects/polus-cc376/services/cloudfunctions.googleapis.com  
 
[debug] [2021-08-09T21:48:59.492Z] >>> HTTP REQUEST GET https://serviceusage.googleapis.com/v1/projects/polus-cc376/services/runtimeconfig.googleapis.com  
 
[debug] [2021-08-09T21:48:59.492Z] >>> HTTP REQUEST GET https://serviceusage.googleapis.com/v1/projects/polus-cc376/services/cloudbuild.googleapis.com  
 
[debug] [2021-08-09T21:48:59.819Z] <<< HTTP RESPONSE 200 {"content-type":"application/json; charset=UTF-8","vary":"X-Origin, Referer, Origin,Accept-Encoding","date":"Mon, 09 Aug 2021 21:48:59 GMT","server":"ESF","cache-control":"private","x-xss-protection":"0","x-frame-options":"SAMEORIGIN","x-content-type-options":"nosniff","alt-svc":"h3=\":443\"; ma=2592000,h3-29=\":443\"; ma=2592000,h3-T051=\":443\"; ma=2592000,h3-Q050=\":443\"; ma=2592000,h3-Q046=\":443\"; ma=2592000,h3-Q043=\":443\"; ma=2592000,quic=\":443\"; ma=2592000; v=\"46,43\"","accept-ranges":"none","transfer-encoding":"chunked"}
[info] +  functions: required API cloudbuild.googleapis.com is enabled 
[debug] [2021-08-09T21:48:59.906Z] <<< HTTP RESPONSE 200 {"content-type":"application/json; charset=UTF-8","vary":"X-Origin, Referer, Origin,Accept-Encoding","date":"Mon, 09 Aug 2021 21:48:59 GMT","server":"ESF","cache-control":"private","x-xss-protection":"0","x-frame-options":"SAMEORIGIN","x-content-type-options":"nosniff","alt-svc":"h3=\":443\"; ma=2592000,h3-29=\":443\"; ma=2592000,h3-T051=\":443\"; ma=2592000,h3-Q050=\":443\"; ma=2592000,h3-Q046=\":443\"; ma=2592000,h3-Q043=\":443\"; ma=2592000,quic=\":443\"; ma=2592000; v=\"46,43\"","accept-ranges":"none","transfer-encoding":"chunked"}
[info] +  functions: required API cloudfunctions.googleapis.com is enabled 
[debug] [2021-08-09T21:48:59.921Z] <<< HTTP RESPONSE 200 {"content-type":"application/json; charset=UTF-8","vary":"X-Origin, Referer, Origin,Accept-Encoding","date":"Mon, 09 Aug 2021 21:48:59 GMT","server":"ESF","cache-control":"private","x-xss-protection":"0","x-frame-options":"SAMEORIGIN","x-content-type-options":"nosniff","alt-svc":"h3=\":443\"; ma=2592000,h3-29=\":443\"; ma=2592000,h3-T051=\":443\"; ma=2592000,h3-Q050=\":443\"; ma=2592000,h3-Q046=\":443\"; ma=2592000,h3-Q043=\":443\"; ma=2592000,quic=\":443\"; ma=2592000; v=\"46,43\"","accept-ranges":"none","transfer-encoding":"chunked"}
[debug] [2021-08-09T21:48:59.922Z] >>> HTTP REQUEST GET https://firebase.googleapis.com/v1beta1/projects/polus-cc376/adminSdkConfig  
 
[debug] [2021-08-09T21:49:00.181Z] <<< HTTP RESPONSE 200 {"content-type":"application/json; charset=UTF-8","vary":"X-Origin, Referer, Origin,Accept-Encoding","date":"Mon, 09 Aug 2021 21:49:00 GMT","server":"ESF","cache-control":"private","x-xss-protection":"0","x-frame-options":"SAMEORIGIN","x-content-type-options":"nosniff","alt-svc":"h3=\":443\"; ma=2592000,h3-29=\":443\"; ma=2592000,h3-T051=\":443\"; ma=2592000,h3-Q050=\":443\"; ma=2592000,h3-Q046=\":443\"; ma=2592000,h3-Q043=\":443\"; ma=2592000,quic=\":443\"; ma=2592000; v=\"46,43\"","accept-ranges":"none","transfer-encoding":"chunked"}
[debug] [2021-08-09T21:49:00.184Z] >>> HTTP REQUEST GET https://runtimeconfig.googleapis.com/v1beta1/projects/polus-cc376/configs  
 
[debug] [2021-08-09T21:49:00.314Z] <<< HTTP RESPONSE 200 {"content-type":"application/json; charset=UTF-8","vary":"X-Origin, Referer, Origin,Accept-Encoding","date":"Mon, 09 Aug 2021 21:49:00 GMT","server":"ESF","cache-control":"private","x-xss-protection":"0","x-frame-options":"SAMEORIGIN","x-content-type-options":"nosniff","alt-svc":"h3=\":443\"; ma=2592000,h3-29=\":443\"; ma=2592000,h3-T051=\":443\"; ma=2592000,h3-Q050=\":443\"; ma=2592000,h3-Q046=\":443\"; ma=2592000,h3-Q043=\":443\"; ma=2592000,quic=\":443\"; ma=2592000; v=\"46,43\"","accept-ranges":"none","transfer-encoding":"chunked"}
[debug] [2021-08-09T21:49:00.315Z] Analyzing nodejs backend spec
[info] i  functions: preparing functions directory for uploading... 
[info] i  functions: packaged functions (35.13 KB) for uploading 
[debug] [2021-08-09T21:49:00.454Z] >>> HTTP REQUEST GET https://cloudfunctions.googleapis.com/v1/projects/polus-cc376/locations/-/functions  
 
[debug] [2021-08-09T21:49:00.891Z] <<< HTTP RESPONSE 200 {"content-type":"application/json; charset=UTF-8","vary":"X-Origin, Referer, Origin,Accept-Encoding","date":"Mon, 09 Aug 2021 21:49:00 GMT","server":"ESF","cache-control":"private","x-xss-protection":"0","x-frame-options":"SAMEORIGIN","x-content-type-options":"nosniff","alt-svc":"h3=\":443\"; ma=2592000,h3-29=\":443\"; ma=2592000,h3-T051=\":443\"; ma=2592000,h3-Q050=\":443\"; ma=2592000,h3-Q046=\":443\"; ma=2592000,h3-Q043=\":443\"; ma=2592000,quic=\":443\"; ma=2592000; v=\"46,43\"","accept-ranges":"none","transfer-encoding":"chunked"}
[debug] [2021-08-09T21:49:00.895Z] >>> HTTP REQUEST POST https://cloudfunctions.googleapis.com/v1/projects/polus-cc376/locations/us-central1/functions:generateUploadUrl  
 
[debug] [2021-08-09T21:49:01.393Z] <<< HTTP RESPONSE 200 {"content-type":"application/json; charset=UTF-8","vary":"X-Origin, Referer, Origin,Accept-Encoding","date":"Mon, 09 Aug 2021 21:49:01 GMT","server":"ESF","cache-control":"private","x-xss-protection":"0","x-frame-options":"SAMEORIGIN","x-content-type-options":"nosniff","alt-svc":"h3=\":443\"; ma=2592000,h3-29=\":443\"; ma=2592000,h3-T051=\":443\"; ma=2592000,h3-Q050=\":443\"; ma=2592000,h3-Q046=\":443\"; ma=2592000,h3-Q043=\":443\"; ma=2592000,quic=\":443\"; ma=2592000; v=\"46,43\"","accept-ranges":"none","transfer-encoding":"chunked"}
[debug] [2021-08-09T21:49:01.397Z] >>> HTTP REQUEST PUT https://storage.googleapis.com/gcf-upload-us-central1-dc20d94e-91d9-48f2-98dd-6bf8003ce59d/2d2dacc8-7e80-45f1-8674-a6e6b74e3380.zip?GoogleAccessId=service-926662511983@gcf-admin-robot.iam.gserviceaccount.com&Expires=1628547541&Signature=rtjprvkPE2H6YoUjNjfuB4yx5lNbSNd6A%2BY9vXM%2Fv2SbwfMXlfvf%2Fz1XssQaxc6QRFh3vkKpyvJ0H6VulwUoeOSPFtf1p1brE6w7lSaMuh1SXRleOMiBcgheCkIw%2BMHGAvqT5R0%2FnuR3rXS06WcRG1l77a8dXOM5Z0wS6QDAuPRQk1ZOvGwUw%2FK0Mvc0zFOXd9WMajSiG1EU4yOXdiIX%2BcA4BLhY2GZhzZpvT%2BGjRghVhy5RhuVOpSQWLKbofMYjuzj8lHOhJ9fc4VZX7VkVzAeDe8xC8S%2FKsXkobuCRqCpA5j%2FlH%2BnPHHeApr8tjhmRVlbgx%2BKHPSox%2BKhR88pb4g%3D%3D  
 <request body omitted>
[debug] [2021-08-09T21:49:01.523Z] <<< HTTP RESPONSE 200 {"x-guploader-uploadid":"ADPycdswQLL1qM3LTj2AwYvBlAFghb6jTNXq71wfHrYdyHlmBKYKX4A1yf8PzbIbyI5M0-CS6MeqZ32uVGvVYvLfuwE","etag":"\"271e5f91336e96b7b1a5f6113ccf71e2\"","x-goog-generation":"1628545741365751","x-goog-metageneration":"1","x-goog-hash":"crc32c=R9pHvA==, md5=Jx5fkTNulrexpfYRPM9x4g==","x-goog-stored-content-length":"35974","x-goog-stored-content-encoding":"identity","vary":"Origin","content-length":"0","date":"Mon, 09 Aug 2021 21:49:01 GMT","server":"UploadServer","content-type":"text/html; charset=UTF-8","alt-svc":"h3=\":443\"; ma=2592000,h3-29=\":443\"; ma=2592000,h3-T051=\":443\"; ma=2592000,h3-Q050=\":443\"; ma=2592000,h3-Q046=\":443\"; ma=2592000,h3-Q043=\":443\"; ma=2592000,quic=\":443\"; ma=2592000; v=\"46,43\""}
[info] +  functions: functions folder uploaded successfully 
[info] 
The following functions are found in your project but do not exist in your local source code:
	helloWorld(us-central1)

If you are renaming a function or changing its region, it is recommended that you create the new function first before deleting the old one to prevent event loss. For more info, visit https://firebase.google.com/docs/functions/manage-functions#modify

[debug] [2021-08-09T21:49:21.390Z] ----------------------------------------------------------------------
[debug] [2021-08-09T21:49:21.392Z] Command:       C:\Users\danie\anaconda3\node.exe C:\Users\danie\AppData\Roaming\npm\node_modules\firebase-tools\lib\bin\firebase.js deploy --only functions
[debug] [2021-08-09T21:49:21.392Z] CLI Version:   9.16.0
[debug] [2021-08-09T21:49:21.392Z] Platform:      win32
[debug] [2021-08-09T21:49:21.392Z] Node Version:  v12.19.0
[debug] [2021-08-09T21:49:21.393Z] Time:          Mon Aug 09 2021 17:49:21 GMT-0400 (Eastern Daylight Time)
[debug] [2021-08-09T21:49:21.393Z] ----------------------------------------------------------------------
[debug] 
[debug] [2021-08-09T21:49:21.448Z] > command requires scopes: ["email","openid","https://www.googleapis.com/auth/cloudplatformprojects.readonly","https://www.googleapis.com/auth/firebase","https://www.googleapis.com/auth/cloud-platform"]
[debug] [2021-08-09T21:49:21.448Z] > authorizing via signed-in user (danielchicchon@gmail.com)
[debug] [2021-08-09T21:49:21.448Z] [iam] checking project polus-cc376 for permissions ["cloudfunctions.functions.create","cloudfunctions.functions.delete","cloudfunctions.functions.get","cloudfunctions.functions.list","cloudfunctions.functions.update","cloudfunctions.operations.get","firebase.projects.get"]
[debug] [2021-08-09T21:49:21.453Z] >>> HTTP REQUEST POST https://cloudresourcemanager.googleapis.com/v1/projects/polus-cc376:testIamPermissions  
 {"permissions":["cloudfunctions.functions.create","cloudfunctions.functions.delete","cloudfunctions.functions.get","cloudfunctions.functions.list","cloudfunctions.functions.update","cloudfunctions.operations.get","firebase.projects.get"]}
[debug] [2021-08-09T21:49:21.629Z] <<< HTTP RESPONSE 200 {"content-type":"application/json; charset=UTF-8","vary":"X-Origin, Referer, Origin,Accept-Encoding","date":"Mon, 09 Aug 2021 21:49:21 GMT","server":"ESF","cache-control":"private","x-xss-protection":"0","x-frame-options":"SAMEORIGIN","x-content-type-options":"nosniff","server-timing":"gfet4t7; dur=124","alt-svc":"h3=\":443\"; ma=2592000,h3-29=\":443\"; ma=2592000,h3-T051=\":443\"; ma=2592000,h3-Q050=\":443\"; ma=2592000,h3-Q046=\":443\"; ma=2592000,h3-Q043=\":443\"; ma=2592000,quic=\":443\"; ma=2592000; v=\"46,43\"","accept-ranges":"none","transfer-encoding":"chunked"}
[debug] [2021-08-09T21:49:21.632Z] >>> HTTP REQUEST POST https://iam.googleapis.com/v1/projects/polus-cc376/serviceAccounts/polus-cc376@appspot.gserviceaccount.com:testIamPermissions  
 {"permissions":["iam.serviceAccounts.actAs"]}
[debug] [2021-08-09T21:49:21.717Z] <<< HTTP RESPONSE 200 {"content-type":"application/json; charset=UTF-8","vary":"X-Origin, Referer, Origin,Accept-Encoding","date":"Mon, 09 Aug 2021 21:49:21 GMT","server":"ESF","cache-control":"private","x-xss-protection":"0","x-frame-options":"SAMEORIGIN","x-content-type-options":"nosniff","alt-svc":"h3=\":443\"; ma=2592000,h3-29=\":443\"; ma=2592000,h3-T051=\":443\"; ma=2592000,h3-Q050=\":443\"; ma=2592000,h3-Q046=\":443\"; ma=2592000,h3-Q043=\":443\"; ma=2592000,quic=\":443\"; ma=2592000; v=\"46,43\"","accept-ranges":"none","transfer-encoding":"chunked"}
[info] 
[info] === Deploying to 'polus-cc376'...
[info] 
[info] i  deploying functions 
[info] Running command: npm --prefix "$RESOURCE_DIR" run lint
[info] +  functions: Finished running predeploy script. 
[debug] [2021-08-09T21:49:22.587Z] Validating nodejs source
[debug] [2021-08-09T21:49:24.832Z] > [functions] package.json contents: {
  "name": "functions",
  "description": "Cloud Functions for Firebase",
  "scripts": {
    "lint": "eslint",
    "serve": "firebase emulators:start --only functions",
    "shell": "firebase functions:shell",
    "start": "npm run shell",
    "deploy": "firebase deploy --only functions",
    "logs": "firebase functions:log"
  },
  "engines": {
    "node": "14"
  },
  "main": "index.js",
  "dependencies": {
    "firebase-admin": "^9.8.0",
    "firebase-functions": "^3.14.1"
  },
  "devDependencies": {
    "eslint": "^7.6.0",
    "eslint-config-google": "^0.14.0",
    "firebase-functions-test": "^0.2.0"
  },
  "private": true
}
[debug] [2021-08-09T21:49:24.832Z] Building nodejs source
[info] i  functions: ensuring required API cloudfunctions.googleapis.com is enabled... 
[info] i  functions: ensuring required API cloudbuild.googleapis.com is enabled... 
[debug] [2021-08-09T21:49:24.833Z] >>> HTTP REQUEST GET https://serviceusage.googleapis.com/v1/projects/polus-cc376/services/cloudfunctions.googleapis.com  
 
[debug] [2021-08-09T21:49:24.834Z] >>> HTTP REQUEST GET https://serviceusage.googleapis.com/v1/projects/polus-cc376/services/runtimeconfig.googleapis.com  
 
[debug] [2021-08-09T21:49:24.834Z] >>> HTTP REQUEST GET https://serviceusage.googleapis.com/v1/projects/polus-cc376/services/cloudbuild.googleapis.com  
 
[debug] [2021-08-09T21:49:25.176Z] <<< HTTP RESPONSE 200 {"content-type":"application/json; charset=UTF-8","vary":"X-Origin, Referer, Origin,Accept-Encoding","date":"Mon, 09 Aug 2021 21:49:25 GMT","server":"ESF","cache-control":"private","x-xss-protection":"0","x-frame-options":"SAMEORIGIN","x-content-type-options":"nosniff","alt-svc":"h3=\":443\"; ma=2592000,h3-29=\":443\"; ma=2592000,h3-T051=\":443\"; ma=2592000,h3-Q050=\":443\"; ma=2592000,h3-Q046=\":443\"; ma=2592000,h3-Q043=\":443\"; ma=2592000,quic=\":443\"; ma=2592000; v=\"46,43\"","accept-ranges":"none","transfer-encoding":"chunked"}
[info] +  functions: required API cloudfunctions.googleapis.com is enabled 
[debug] [2021-08-09T21:49:25.204Z] <<< HTTP RESPONSE 200 {"content-type":"application/json; charset=UTF-8","vary":"X-Origin, Referer, Origin,Accept-Encoding","date":"Mon, 09 Aug 2021 21:49:25 GMT","server":"ESF","cache-control":"private","x-xss-protection":"0","x-frame-options":"SAMEORIGIN","x-content-type-options":"nosniff","alt-svc":"h3=\":443\"; ma=2592000,h3-29=\":443\"; ma=2592000,h3-T051=\":443\"; ma=2592000,h3-Q050=\":443\"; ma=2592000,h3-Q046=\":443\"; ma=2592000,h3-Q043=\":443\"; ma=2592000,quic=\":443\"; ma=2592000; v=\"46,43\"","accept-ranges":"none","transfer-encoding":"chunked"}
[debug] [2021-08-09T21:49:25.210Z] <<< HTTP RESPONSE 200 {"content-type":"application/json; charset=UTF-8","vary":"X-Origin, Referer, Origin,Accept-Encoding","date":"Mon, 09 Aug 2021 21:49:25 GMT","server":"ESF","cache-control":"private","x-xss-protection":"0","x-frame-options":"SAMEORIGIN","x-content-type-options":"nosniff","alt-svc":"h3=\":443\"; ma=2592000,h3-29=\":443\"; ma=2592000,h3-T051=\":443\"; ma=2592000,h3-Q050=\":443\"; ma=2592000,h3-Q046=\":443\"; ma=2592000,h3-Q043=\":443\"; ma=2592000,quic=\":443\"; ma=2592000; v=\"46,43\"","accept-ranges":"none","transfer-encoding":"chunked"}
[info] +  functions: required API cloudbuild.googleapis.com is enabled 
[debug] [2021-08-09T21:49:25.211Z] >>> HTTP REQUEST GET https://firebase.googleapis.com/v1beta1/projects/polus-cc376/adminSdkConfig  
 
[debug] [2021-08-09T21:49:25.402Z] <<< HTTP RESPONSE 200 {"content-type":"application/json; charset=UTF-8","vary":"X-Origin, Referer, Origin,Accept-Encoding","date":"Mon, 09 Aug 2021 21:49:25 GMT","server":"ESF","cache-control":"private","x-xss-protection":"0","x-frame-options":"SAMEORIGIN","x-content-type-options":"nosniff","alt-svc":"h3=\":443\"; ma=2592000,h3-29=\":443\"; ma=2592000,h3-T051=\":443\"; ma=2592000,h3-Q050=\":443\"; ma=2592000,h3-Q046=\":443\"; ma=2592000,h3-Q043=\":443\"; ma=2592000,quic=\":443\"; ma=2592000; v=\"46,43\"","accept-ranges":"none","transfer-encoding":"chunked"}
[debug] [2021-08-09T21:49:25.404Z] >>> HTTP REQUEST GET https://runtimeconfig.googleapis.com/v1beta1/projects/polus-cc376/configs  
 
[debug] [2021-08-09T21:49:25.537Z] <<< HTTP RESPONSE 200 {"content-type":"application/json; charset=UTF-8","vary":"X-Origin, Referer, Origin,Accept-Encoding","date":"Mon, 09 Aug 2021 21:49:25 GMT","server":"ESF","cache-control":"private","x-xss-protection":"0","x-frame-options":"SAMEORIGIN","x-content-type-options":"nosniff","alt-svc":"h3=\":443\"; ma=2592000,h3-29=\":443\"; ma=2592000,h3-T051=\":443\"; ma=2592000,h3-Q050=\":443\"; ma=2592000,h3-Q046=\":443\"; ma=2592000,h3-Q043=\":443\"; ma=2592000,quic=\":443\"; ma=2592000; v=\"46,43\"","accept-ranges":"none","transfer-encoding":"chunked"}
[debug] [2021-08-09T21:49:25.538Z] Analyzing nodejs backend spec
[info] i  functions: preparing functions directory for uploading... 
[info] i  functions: packaged functions (35.12 KB) for uploading 
[debug] [2021-08-09T21:49:25.676Z] >>> HTTP REQUEST GET https://cloudfunctions.googleapis.com/v1/projects/polus-cc376/locations/-/functions  
 
[debug] [2021-08-09T21:49:26.093Z] <<< HTTP RESPONSE 200 {"content-type":"application/json; charset=UTF-8","vary":"X-Origin, Referer, Origin,Accept-Encoding","date":"Mon, 09 Aug 2021 21:49:25 GMT","server":"ESF","cache-control":"private","x-xss-protection":"0","x-frame-options":"SAMEORIGIN","x-content-type-options":"nosniff","alt-svc":"h3=\":443\"; ma=2592000,h3-29=\":443\"; ma=2592000,h3-T051=\":443\"; ma=2592000,h3-Q050=\":443\"; ma=2592000,h3-Q046=\":443\"; ma=2592000,h3-Q043=\":443\"; ma=2592000,quic=\":443\"; ma=2592000; v=\"46,43\"","accept-ranges":"none","transfer-encoding":"chunked"}
[debug] [2021-08-09T21:49:26.096Z] >>> HTTP REQUEST POST https://cloudfunctions.googleapis.com/v1/projects/polus-cc376/locations/us-central1/functions:generateUploadUrl  
 
[debug] [2021-08-09T21:49:26.622Z] <<< HTTP RESPONSE 200 {"content-type":"application/json; charset=UTF-8","vary":"X-Origin, Referer, Origin,Accept-Encoding","date":"Mon, 09 Aug 2021 21:49:26 GMT","server":"ESF","cache-control":"private","x-xss-protection":"0","x-frame-options":"SAMEORIGIN","x-content-type-options":"nosniff","alt-svc":"h3=\":443\"; ma=2592000,h3-29=\":443\"; ma=2592000,h3-T051=\":443\"; ma=2592000,h3-Q050=\":443\"; ma=2592000,h3-Q046=\":443\"; ma=2592000,h3-Q043=\":443\"; ma=2592000,quic=\":443\"; ma=2592000; v=\"46,43\"","accept-ranges":"none","transfer-encoding":"chunked"}
[debug] [2021-08-09T21:49:26.625Z] >>> HTTP REQUEST PUT https://storage.googleapis.com/gcf-upload-us-central1-dc20d94e-91d9-48f2-98dd-6bf8003ce59d/1601aa47-81bd-4cd7-8bf0-5b2b99b10d02.zip?GoogleAccessId=service-926662511983@gcf-admin-robot.iam.gserviceaccount.com&Expires=1628547566&Signature=kf1hDiHktzmH8J%2FdKPc31JbJoCSJb7Gxyyvd0Hqv6b8esbZ9VUvz2uIWDIjd5Rk2eHBAcFEQhGqACNwoeXYDafVXMddUWYKQQ2POQkd4Nm%2BHgg9vdGzw2Qj4zy7oA683rwB9zUvnXC38eiUkhqtgzBlU%2FKCdK%2F1iENKGPZLLp%2Fa8hNvb4WSkoH0TKUhNQlPqtIx6CYsRaeh7Jtv3oKapBA2Arrgt9JpeZTzP7zJyw3ouh1FWLIooxBl3r%2FrIQ6vXJWpGggeZj%2Fy6GZkHRs%2FeVUDf49wNFaSEoj%2B9KYikon6pj46cDVLBeH8VeVa2BMIeI%2BoJ5nweIoA5zU3vgZszbw%3D%3D  
 <request body omitted>
[debug] [2021-08-09T21:49:26.751Z] <<< HTTP RESPONSE 200 {"x-guploader-uploadid":"ADPycduSySj69JURpW17t3zuYRwFiZQXON12wKXx6Lnz46imicftQPnotrP5Lz4_RICW42OFpewOKYZJ7ZuhnE3yCcs","etag":"\"4dc3762b2b044d75305e0becd87eb879\"","x-goog-generation":"1628545766594340","x-goog-metageneration":"1","x-goog-hash":"crc32c=V/cp+g==, md5=TcN2KysETXUwXgvs2H64eQ==","x-goog-stored-content-length":"35966","x-goog-stored-content-encoding":"identity","vary":"Origin","content-length":"0","date":"Mon, 09 Aug 2021 21:49:26 GMT","server":"UploadServer","content-type":"text/html; charset=UTF-8","alt-svc":"h3=\":443\"; ma=2592000,h3-29=\":443\"; ma=2592000,h3-T051=\":443\"; ma=2592000,h3-Q050=\":443\"; ma=2592000,h3-Q046=\":443\"; ma=2592000,h3-Q043=\":443\"; ma=2592000,quic=\":443\"; ma=2592000; v=\"46,43\""}
[info] +  functions: functions folder uploaded successfully 
[info] 
The following functions are found in your project but do not exist in your local source code:
	helloWorld(us-central1)

If you are renaming a function or changing its region, it is recommended that you create the new function first before deleting the old one to prevent event loss. For more info, visit https://firebase.google.com/docs/functions/manage-functions#modify

[info] i  functions: creating Node.js 14 function newUserSignup(us-central1)... 
[debug] [2021-08-09T21:49:36.681Z] >>> HTTP REQUEST POST https://cloudfunctions.googleapis.com/v1/projects/polus-cc376/locations/us-central1/functions  
 {"name":"projects/polus-cc376/locations/us-central1/functions/newUserSignup","sourceUploadUrl":"https://storage.googleapis.com/gcf-upload-us-central1-dc20d94e-91d9-48f2-98dd-6bf8003ce59d/1601aa47-81bd-4cd7-8bf0-5b2b99b10d02.zip?GoogleAccessId=service-926662511983@gcf-admin-robot.iam.gserviceaccount.com&Expires=1628547566&Signature=kf1hDiHktzmH8J%2FdKPc31JbJoCSJb7Gxyyvd0Hqv6b8esbZ9VUvz2uIWDIjd5Rk2eHBAcFEQhGqACNwoeXYDafVXMddUWYKQQ2POQkd4Nm%2BHgg9vdGzw2Qj4zy7oA683rwB9zUvnXC38eiUkhqtgzBlU%2FKCdK%2F1iENKGPZLLp%2Fa8hNvb4WSkoH0TKUhNQlPqtIx6CYsRaeh7Jtv3oKapBA2Arrgt9JpeZTzP7zJyw3ouh1FWLIooxBl3r%2FrIQ6vXJWpGggeZj%2Fy6GZkHRs%2FeVUDf49wNFaSEoj%2B9KYikon6pj46cDVLBeH8VeVa2BMIeI%2BoJ5nweIoA5zU3vgZszbw%3D%3D","entryPoint":"newUserSignup","runtime":"nodejs14","eventTrigger":{"eventType":"providers/firebase.auth/eventTypes/user.create","resource":"projects/polus-cc376"},"labels":{"deployment-tool":"cli-firebase"},"environmentVariables":{"FIREBASE_CONFIG":"{\"projectId\":\"polus-cc376\",\"databaseURL\":\"https://polus-cc376.firebaseio.com\",\"storageBucket\":\"polus-cc376.appspot.com\",\"locationId\":\"us-central\"}"}}
[debug] [2021-08-09T21:49:37.105Z] <<< HTTP RESPONSE 200 {"content-type":"application/json; charset=UTF-8","vary":"X-Origin, Referer, Origin,Accept-Encoding","date":"Mon, 09 Aug 2021 21:49:36 GMT","server":"ESF","cache-control":"private","x-xss-protection":"0","x-frame-options":"SAMEORIGIN","x-content-type-options":"nosniff","alt-svc":"h3=\":443\"; ma=2592000,h3-29=\":443\"; ma=2592000,h3-T051=\":443\"; ma=2592000,h3-Q050=\":443\"; ma=2592000,h3-Q046=\":443\"; ma=2592000,h3-Q043=\":443\"; ma=2592000,quic=\":443\"; ma=2592000; v=\"46,43\"","accept-ranges":"none","transfer-encoding":"chunked"}
[debug] [2021-08-09T21:49:37.110Z] > refreshing access token with scopes: []
[debug] [2021-08-09T21:49:37.111Z] >>> HTTP REQUEST POST https://www.googleapis.com/oauth2/v3/token  
 <request body omitted>
[debug] [2021-08-09T21:49:37.178Z] <<< HTTP RESPONSE 200 {"cache-control":"no-cache, no-store, max-age=0, must-revalidate","pragma":"no-cache","expires":"Mon, 01 Jan 1990 00:00:00 GMT","date":"Mon, 09 Aug 2021 21:49:37 GMT","content-type":"application/json; charset=utf-8","vary":"X-Origin, Referer, Origin,Accept-Encoding","server":"scaffolding on HTTPServer2","x-xss-protection":"0","x-frame-options":"SAMEORIGIN","x-content-type-options":"nosniff","alt-svc":"h3=\":443\"; ma=2592000,h3-29=\":443\"; ma=2592000,h3-T051=\":443\"; ma=2592000,h3-Q050=\":443\"; ma=2592000,h3-Q046=\":443\"; ma=2592000,h3-Q043=\":443\"; ma=2592000,quic=\":443\"; ma=2592000; v=\"46,43\"","accept-ranges":"none","transfer-encoding":"chunked"}
[debug] [2021-08-09T21:49:37.193Z] >>> [apiv2][query] GET https://cloudfunctions.googleapis.com/v1/operations/cG9sdXMtY2MzNzYvdXMtY2VudHJhbDEvbmV3VXNlclNpZ251cC9rMXRJMjVoOVQtaw [none]
[debug] [2021-08-09T21:49:37.340Z] <<< [apiv2][status] GET https://cloudfunctions.googleapis.com/v1/operations/cG9sdXMtY2MzNzYvdXMtY2VudHJhbDEvbmV3VXNlclNpZ251cC9rMXRJMjVoOVQtaw 200
[debug] [2021-08-09T21:49:37.340Z] <<< [apiv2][body] GET https://cloudfunctions.googleapis.com/v1/operations/cG9sdXMtY2MzNzYvdXMtY2VudHJhbDEvbmV3VXNlclNpZ251cC9rMXRJMjVoOVQtaw {"name":"operations/cG9sdXMtY2MzNzYvdXMtY2VudHJhbDEvbmV3VXNlclNpZ251cC9rMXRJMjVoOVQtaw","metadata":{"@type":"type.googleapis.com/google.cloud.functions.v1.OperationMetadataV1","target":"projects/polus-cc376/locations/us-central1/functions/newUserSignup","type":"CREATE_FUNCTION","request":{"@type":"type.googleapis.com/google.cloud.functions.v1.CloudFunction","name":"projects/polus-cc376/locations/us-central1/functions/newUserSignup","eventTrigger":{"eventType":"providers/firebase.auth/eventTypes/user.create","resource":"projects/polus-cc376"},"entryPoint":"newUserSignup","labels":{"deployment-tool":"cli-firebase"},"sourceUploadUrl":"https://storage.googleapis.com/gcf-upload-us-central1-dc20d94e-91d9-48f2-98dd-6bf8003ce59d/1601aa47-81bd-4cd7-8bf0-5b2b99b10d02.zip?GoogleAccessId=service-926662511983@gcf-admin-robot.iam.gserviceaccount.com&Expires=1628547566&Signature=kf1hDiHktzmH8J%2FdKPc31JbJoCSJb7Gxyyvd0Hqv6b8esbZ9VUvz2uIWDIjd5Rk2eHBAcFEQhGqACNwoeXYDafVXMddUWYKQQ2POQkd4Nm%2BHgg9vdGzw2Qj4zy7oA683rwB9zUvnXC38eiUkhqtgzBlU%2FKCdK%2F1iENKGPZLLp%2Fa8hNvb4WSkoH0TKUhNQlPqtIx6CYsRaeh7Jtv3oKapBA2Arrgt9JpeZTzP7zJyw3ouh1FWLIooxBl3r%2FrIQ6vXJWpGggeZj%2Fy6GZkHRs%2FeVUDf49wNFaSEoj%2B9KYikon6pj46cDVLBeH8VeVa2BMIeI%2BoJ5nweIoA5zU3vgZszbw%3D%3D","environmentVariables":{"FIREBASE_CONFIG":"{\"projectId\":\"polus-cc376\",\"databaseURL\":\"https://polus-cc376.firebaseio.com\",\"storageBucket\":\"polus-cc376.appspot.com\",\"locationId\":\"us-central\"}"},"runtime":"nodejs14"},"versionId":"1","updateTime":"2021-08-09T21:49:37Z"}}
[debug] [2021-08-09T21:49:37.848Z] [create-projects/polus-cc376/locations/us-central1/functions/newUserSignup] Retrying task index 0
[debug] [2021-08-09T21:49:37.849Z] >>> [apiv2][query] GET https://cloudfunctions.googleapis.com/v1/operations/cG9sdXMtY2MzNzYvdXMtY2VudHJhbDEvbmV3VXNlclNpZ251cC9rMXRJMjVoOVQtaw [none]
[debug] [2021-08-09T21:49:37.995Z] <<< [apiv2][status] GET https://cloudfunctions.googleapis.com/v1/operations/cG9sdXMtY2MzNzYvdXMtY2VudHJhbDEvbmV3VXNlclNpZ251cC9rMXRJMjVoOVQtaw 200
[debug] [2021-08-09T21:49:37.995Z] <<< [apiv2][body] GET https://cloudfunctions.googleapis.com/v1/operations/cG9sdXMtY2MzNzYvdXMtY2VudHJhbDEvbmV3VXNlclNpZ251cC9rMXRJMjVoOVQtaw {"name":"operations/cG9sdXMtY2MzNzYvdXMtY2VudHJhbDEvbmV3VXNlclNpZ251cC9rMXRJMjVoOVQtaw","metadata":{"@type":"type.googleapis.com/google.cloud.functions.v1.OperationMetadataV1","target":"projects/polus-cc376/locations/us-central1/functions/newUserSignup","type":"CREATE_FUNCTION","request":{"@type":"type.googleapis.com/google.cloud.functions.v1.CloudFunction","name":"projects/polus-cc376/locations/us-central1/functions/newUserSignup","eventTrigger":{"eventType":"providers/firebase.auth/eventTypes/user.create","resource":"projects/polus-cc376"},"entryPoint":"newUserSignup","labels":{"deployment-tool":"cli-firebase"},"sourceUploadUrl":"https://storage.googleapis.com/gcf-upload-us-central1-dc20d94e-91d9-48f2-98dd-6bf8003ce59d/1601aa47-81bd-4cd7-8bf0-5b2b99b10d02.zip?GoogleAccessId=service-926662511983@gcf-admin-robot.iam.gserviceaccount.com&Expires=1628547566&Signature=kf1hDiHktzmH8J%2FdKPc31JbJoCSJb7Gxyyvd0Hqv6b8esbZ9VUvz2uIWDIjd5Rk2eHBAcFEQhGqACNwoeXYDafVXMddUWYKQQ2POQkd4Nm%2BHgg9vdGzw2Qj4zy7oA683rwB9zUvnXC38eiUkhqtgzBlU%2FKCdK%2F1iENKGPZLLp%2Fa8hNvb4WSkoH0TKUhNQlPqtIx6CYsRaeh7Jtv3oKapBA2Arrgt9JpeZTzP7zJyw3ouh1FWLIooxBl3r%2FrIQ6vXJWpGggeZj%2Fy6GZkHRs%2FeVUDf49wNFaSEoj%2B9KYikon6pj46cDVLBeH8VeVa2BMIeI%2BoJ5nweIoA5zU3vgZszbw%3D%3D","environmentVariables":{"FIREBASE_CONFIG":"{\"projectId\":\"polus-cc376\",\"databaseURL\":\"https://polus-cc376.firebaseio.com\",\"storageBucket\":\"polus-cc376.appspot.com\",\"locationId\":\"us-central\"}"},"runtime":"nodejs14"},"versionId":"1","updateTime":"2021-08-09T21:49:37Z","buildId":"0cba0303-a214-436f-85ac-94a1ec64a8d1","buildName":"projects/926662511983/locations/us-central1/builds/0cba0303-a214-436f-85ac-94a1ec64a8d1"}}
[debug] [2021-08-09T21:49:38.999Z] [create-projects/polus-cc376/locations/us-central1/functions/newUserSignup] Retrying task index 0
[debug] [2021-08-09T21:49:39.000Z] >>> [apiv2][query] GET https://cloudfunctions.googleapis.com/v1/operations/cG9sdXMtY2MzNzYvdXMtY2VudHJhbDEvbmV3VXNlclNpZ251cC9rMXRJMjVoOVQtaw [none]
[debug] [2021-08-09T21:49:39.171Z] <<< [apiv2][status] GET https://cloudfunctions.googleapis.com/v1/operations/cG9sdXMtY2MzNzYvdXMtY2VudHJhbDEvbmV3VXNlclNpZ251cC9rMXRJMjVoOVQtaw 200
[debug] [2021-08-09T21:49:39.172Z] <<< [apiv2][body] GET https://cloudfunctions.googleapis.com/v1/operations/cG9sdXMtY2MzNzYvdXMtY2VudHJhbDEvbmV3VXNlclNpZ251cC9rMXRJMjVoOVQtaw {"name":"operations/cG9sdXMtY2MzNzYvdXMtY2VudHJhbDEvbmV3VXNlclNpZ251cC9rMXRJMjVoOVQtaw","metadata":{"@type":"type.googleapis.com/google.cloud.functions.v1.OperationMetadataV1","target":"projects/polus-cc376/locations/us-central1/functions/newUserSignup","type":"CREATE_FUNCTION","request":{"@type":"type.googleapis.com/google.cloud.functions.v1.CloudFunction","name":"projects/polus-cc376/locations/us-central1/functions/newUserSignup","eventTrigger":{"eventType":"providers/firebase.auth/eventTypes/user.create","resource":"projects/polus-cc376"},"entryPoint":"newUserSignup","labels":{"deployment-tool":"cli-firebase"},"sourceUploadUrl":"https://storage.googleapis.com/gcf-upload-us-central1-dc20d94e-91d9-48f2-98dd-6bf8003ce59d/1601aa47-81bd-4cd7-8bf0-5b2b99b10d02.zip?GoogleAccessId=service-926662511983@gcf-admin-robot.iam.gserviceaccount.com&Expires=1628547566&Signature=kf1hDiHktzmH8J%2FdKPc31JbJoCSJb7Gxyyvd0Hqv6b8esbZ9VUvz2uIWDIjd5Rk2eHBAcFEQhGqACNwoeXYDafVXMddUWYKQQ2POQkd4Nm%2BHgg9vdGzw2Qj4zy7oA683rwB9zUvnXC38eiUkhqtgzBlU%2FKCdK%2F1iENKGPZLLp%2Fa8hNvb4WSkoH0TKUhNQlPqtIx6CYsRaeh7Jtv3oKapBA2Arrgt9JpeZTzP7zJyw3ouh1FWLIooxBl3r%2FrIQ6vXJWpGggeZj%2Fy6GZkHRs%2FeVUDf49wNFaSEoj%2B9KYikon6pj46cDVLBeH8VeVa2BMIeI%2BoJ5nweIoA5zU3vgZszbw%3D%3D","environmentVariables":{"FIREBASE_CONFIG":"{\"projectId\":\"polus-cc376\",\"databaseURL\":\"https://polus-cc376.firebaseio.com\",\"storageBucket\":\"polus-cc376.appspot.com\",\"locationId\":\"us-central\"}"},"runtime":"nodejs14"},"versionId":"1","updateTime":"2021-08-09T21:49:37Z","buildId":"0cba0303-a214-436f-85ac-94a1ec64a8d1","buildName":"projects/926662511983/locations/us-central1/builds/0cba0303-a214-436f-85ac-94a1ec64a8d1"}}
[debug] [2021-08-09T21:49:41.184Z] [create-projects/polus-cc376/locations/us-central1/functions/newUserSignup] Retrying task index 0
[debug] [2021-08-09T21:49:41.185Z] >>> [apiv2][query] GET https://cloudfunctions.googleapis.com/v1/operations/cG9sdXMtY2MzNzYvdXMtY2VudHJhbDEvbmV3VXNlclNpZ251cC9rMXRJMjVoOVQtaw [none]
[debug] [2021-08-09T21:49:41.304Z] <<< [apiv2][status] GET https://cloudfunctions.googleapis.com/v1/operations/cG9sdXMtY2MzNzYvdXMtY2VudHJhbDEvbmV3VXNlclNpZ251cC9rMXRJMjVoOVQtaw 200
[debug] [2021-08-09T21:49:41.304Z] <<< [apiv2][body] GET https://cloudfunctions.googleapis.com/v1/operations/cG9sdXMtY2MzNzYvdXMtY2VudHJhbDEvbmV3VXNlclNpZ251cC9rMXRJMjVoOVQtaw {"name":"operations/cG9sdXMtY2MzNzYvdXMtY2VudHJhbDEvbmV3VXNlclNpZ251cC9rMXRJMjVoOVQtaw","metadata":{"@type":"type.googleapis.com/google.cloud.functions.v1.OperationMetadataV1","target":"projects/polus-cc376/locations/us-central1/functions/newUserSignup","type":"CREATE_FUNCTION","request":{"@type":"type.googleapis.com/google.cloud.functions.v1.CloudFunction","name":"projects/polus-cc376/locations/us-central1/functions/newUserSignup","eventTrigger":{"eventType":"providers/firebase.auth/eventTypes/user.create","resource":"projects/polus-cc376"},"entryPoint":"newUserSignup","labels":{"deployment-tool":"cli-firebase"},"sourceUploadUrl":"https://storage.googleapis.com/gcf-upload-us-central1-dc20d94e-91d9-48f2-98dd-6bf8003ce59d/1601aa47-81bd-4cd7-8bf0-5b2b99b10d02.zip?GoogleAccessId=service-926662511983@gcf-admin-robot.iam.gserviceaccount.com&Expires=1628547566&Signature=kf1hDiHktzmH8J%2FdKPc31JbJoCSJb7Gxyyvd0Hqv6b8esbZ9VUvz2uIWDIjd5Rk2eHBAcFEQhGqACNwoeXYDafVXMddUWYKQQ2POQkd4Nm%2BHgg9vdGzw2Qj4zy7oA683rwB9zUvnXC38eiUkhqtgzBlU%2FKCdK%2F1iENKGPZLLp%2Fa8hNvb4WSkoH0TKUhNQlPqtIx6CYsRaeh7Jtv3oKapBA2Arrgt9JpeZTzP7zJyw3ouh1FWLIooxBl3r%2FrIQ6vXJWpGggeZj%2Fy6GZkHRs%2FeVUDf49wNFaSEoj%2B9KYikon6pj46cDVLBeH8VeVa2BMIeI%2BoJ5nweIoA5zU3vgZszbw%3D%3D","environmentVariables":{"FIREBASE_CONFIG":"{\"projectId\":\"polus-cc376\",\"databaseURL\":\"https://polus-cc376.firebaseio.com\",\"storageBucket\":\"polus-cc376.appspot.com\",\"locationId\":\"us-central\"}"},"runtime":"nodejs14"},"versionId":"1","updateTime":"2021-08-09T21:49:37Z","buildId":"0cba0303-a214-436f-85ac-94a1ec64a8d1","buildName":"projects/926662511983/locations/us-central1/builds/0cba0303-a214-436f-85ac-94a1ec64a8d1"}}
[debug] [2021-08-09T21:49:45.311Z] [create-projects/polus-cc376/locations/us-central1/functions/newUserSignup] Retrying task index 0
[debug] [2021-08-09T21:49:45.312Z] >>> [apiv2][query] GET https://cloudfunctions.googleapis.com/v1/operations/cG9sdXMtY2MzNzYvdXMtY2VudHJhbDEvbmV3VXNlclNpZ251cC9rMXRJMjVoOVQtaw [none]
[debug] [2021-08-09T21:49:45.433Z] <<< [apiv2][status] GET https://cloudfunctions.googleapis.com/v1/operations/cG9sdXMtY2MzNzYvdXMtY2VudHJhbDEvbmV3VXNlclNpZ251cC9rMXRJMjVoOVQtaw 200
[debug] [2021-08-09T21:49:45.433Z] <<< [apiv2][body] GET https://cloudfunctions.googleapis.com/v1/operations/cG9sdXMtY2MzNzYvdXMtY2VudHJhbDEvbmV3VXNlclNpZ251cC9rMXRJMjVoOVQtaw {"name":"operations/cG9sdXMtY2MzNzYvdXMtY2VudHJhbDEvbmV3VXNlclNpZ251cC9rMXRJMjVoOVQtaw","metadata":{"@type":"type.googleapis.com/google.cloud.functions.v1.OperationMetadataV1","target":"projects/polus-cc376/locations/us-central1/functions/newUserSignup","type":"CREATE_FUNCTION","request":{"@type":"type.googleapis.com/google.cloud.functions.v1.CloudFunction","name":"projects/polus-cc376/locations/us-central1/functions/newUserSignup","eventTrigger":{"eventType":"providers/firebase.auth/eventTypes/user.create","resource":"projects/polus-cc376"},"entryPoint":"newUserSignup","labels":{"deployment-tool":"cli-firebase"},"sourceUploadUrl":"https://storage.googleapis.com/gcf-upload-us-central1-dc20d94e-91d9-48f2-98dd-6bf8003ce59d/1601aa47-81bd-4cd7-8bf0-5b2b99b10d02.zip?GoogleAccessId=service-926662511983@gcf-admin-robot.iam.gserviceaccount.com&Expires=1628547566&Signature=kf1hDiHktzmH8J%2FdKPc31JbJoCSJb7Gxyyvd0Hqv6b8esbZ9VUvz2uIWDIjd5Rk2eHBAcFEQhGqACNwoeXYDafVXMddUWYKQQ2POQkd4Nm%2BHgg9vdGzw2Qj4zy7oA683rwB9zUvnXC38eiUkhqtgzBlU%2FKCdK%2F1iENKGPZLLp%2Fa8hNvb4WSkoH0TKUhNQlPqtIx6CYsRaeh7Jtv3oKapBA2Arrgt9JpeZTzP7zJyw3ouh1FWLIooxBl3r%2FrIQ6vXJWpGggeZj%2Fy6GZkHRs%2FeVUDf49wNFaSEoj%2B9KYikon6pj46cDVLBeH8VeVa2BMIeI%2BoJ5nweIoA5zU3vgZszbw%3D%3D","environmentVariables":{"FIREBASE_CONFIG":"{\"projectId\":\"polus-cc376\",\"databaseURL\":\"https://polus-cc376.firebaseio.com\",\"storageBucket\":\"polus-cc376.appspot.com\",\"locationId\":\"us-central\"}"},"runtime":"nodejs14"},"versionId":"1","updateTime":"2021-08-09T21:49:37Z","buildId":"0cba0303-a214-436f-85ac-94a1ec64a8d1","buildName":"projects/926662511983/locations/us-central1/builds/0cba0303-a214-436f-85ac-94a1ec64a8d1"}}
[debug] [2021-08-09T21:49:53.447Z] [create-projects/polus-cc376/locations/us-central1/functions/newUserSignup] Retrying task index 0
[debug] [2021-08-09T21:49:53.448Z] >>> [apiv2][query] GET https://cloudfunctions.googleapis.com/v1/operations/cG9sdXMtY2MzNzYvdXMtY2VudHJhbDEvbmV3VXNlclNpZ251cC9rMXRJMjVoOVQtaw [none]
[debug] [2021-08-09T21:49:53.571Z] <<< [apiv2][status] GET https://cloudfunctions.googleapis.com/v1/operations/cG9sdXMtY2MzNzYvdXMtY2VudHJhbDEvbmV3VXNlclNpZ251cC9rMXRJMjVoOVQtaw 200
[debug] [2021-08-09T21:49:53.571Z] <<< [apiv2][body] GET https://cloudfunctions.googleapis.com/v1/operations/cG9sdXMtY2MzNzYvdXMtY2VudHJhbDEvbmV3VXNlclNpZ251cC9rMXRJMjVoOVQtaw {"name":"operations/cG9sdXMtY2MzNzYvdXMtY2VudHJhbDEvbmV3VXNlclNpZ251cC9rMXRJMjVoOVQtaw","metadata":{"@type":"type.googleapis.com/google.cloud.functions.v1.OperationMetadataV1","target":"projects/polus-cc376/locations/us-central1/functions/newUserSignup","type":"CREATE_FUNCTION","request":{"@type":"type.googleapis.com/google.cloud.functions.v1.CloudFunction","name":"projects/polus-cc376/locations/us-central1/functions/newUserSignup","eventTrigger":{"eventType":"providers/firebase.auth/eventTypes/user.create","resource":"projects/polus-cc376"},"entryPoint":"newUserSignup","labels":{"deployment-tool":"cli-firebase"},"sourceUploadUrl":"https://storage.googleapis.com/gcf-upload-us-central1-dc20d94e-91d9-48f2-98dd-6bf8003ce59d/1601aa47-81bd-4cd7-8bf0-5b2b99b10d02.zip?GoogleAccessId=service-926662511983@gcf-admin-robot.iam.gserviceaccount.com&Expires=1628547566&Signature=kf1hDiHktzmH8J%2FdKPc31JbJoCSJb7Gxyyvd0Hqv6b8esbZ9VUvz2uIWDIjd5Rk2eHBAcFEQhGqACNwoeXYDafVXMddUWYKQQ2POQkd4Nm%2BHgg9vdGzw2Qj4zy7oA683rwB9zUvnXC38eiUkhqtgzBlU%2FKCdK%2F1iENKGPZLLp%2Fa8hNvb4WSkoH0TKUhNQlPqtIx6CYsRaeh7Jtv3oKapBA2Arrgt9JpeZTzP7zJyw3ouh1FWLIooxBl3r%2FrIQ6vXJWpGggeZj%2Fy6GZkHRs%2FeVUDf49wNFaSEoj%2B9KYikon6pj46cDVLBeH8VeVa2BMIeI%2BoJ5nweIoA5zU3vgZszbw%3D%3D","environmentVariables":{"FIREBASE_CONFIG":"{\"projectId\":\"polus-cc376\",\"databaseURL\":\"https://polus-cc376.firebaseio.com\",\"storageBucket\":\"polus-cc376.appspot.com\",\"locationId\":\"us-central\"}"},"runtime":"nodejs14"},"versionId":"1","updateTime":"2021-08-09T21:49:37Z","buildId":"0cba0303-a214-436f-85ac-94a1ec64a8d1","buildName":"projects/926662511983/locations/us-central1/builds/0cba0303-a214-436f-85ac-94a1ec64a8d1"}}
[debug] [2021-08-09T21:50:09.586Z] [create-projects/polus-cc376/locations/us-central1/functions/newUserSignup] Retrying task index 0
[debug] [2021-08-09T21:50:09.586Z] >>> [apiv2][query] GET https://cloudfunctions.googleapis.com/v1/operations/cG9sdXMtY2MzNzYvdXMtY2VudHJhbDEvbmV3VXNlclNpZ251cC9rMXRJMjVoOVQtaw [none]
[debug] [2021-08-09T21:50:09.708Z] <<< [apiv2][status] GET https://cloudfunctions.googleapis.com/v1/operations/cG9sdXMtY2MzNzYvdXMtY2VudHJhbDEvbmV3VXNlclNpZ251cC9rMXRJMjVoOVQtaw 200
[debug] [2021-08-09T21:50:09.708Z] <<< [apiv2][body] GET https://cloudfunctions.googleapis.com/v1/operations/cG9sdXMtY2MzNzYvdXMtY2VudHJhbDEvbmV3VXNlclNpZ251cC9rMXRJMjVoOVQtaw {"name":"operations/cG9sdXMtY2MzNzYvdXMtY2VudHJhbDEvbmV3VXNlclNpZ251cC9rMXRJMjVoOVQtaw","metadata":{"@type":"type.googleapis.com/google.cloud.functions.v1.OperationMetadataV1","target":"projects/polus-cc376/locations/us-central1/functions/newUserSignup","type":"CREATE_FUNCTION","request":{"@type":"type.googleapis.com/google.cloud.functions.v1.CloudFunction","name":"projects/polus-cc376/locations/us-central1/functions/newUserSignup","eventTrigger":{"eventType":"providers/firebase.auth/eventTypes/user.create","resource":"projects/polus-cc376"},"entryPoint":"newUserSignup","labels":{"deployment-tool":"cli-firebase"},"sourceUploadUrl":"https://storage.googleapis.com/gcf-upload-us-central1-dc20d94e-91d9-48f2-98dd-6bf8003ce59d/1601aa47-81bd-4cd7-8bf0-5b2b99b10d02.zip?GoogleAccessId=service-926662511983@gcf-admin-robot.iam.gserviceaccount.com&Expires=1628547566&Signature=kf1hDiHktzmH8J%2FdKPc31JbJoCSJb7Gxyyvd0Hqv6b8esbZ9VUvz2uIWDIjd5Rk2eHBAcFEQhGqACNwoeXYDafVXMddUWYKQQ2POQkd4Nm%2BHgg9vdGzw2Qj4zy7oA683rwB9zUvnXC38eiUkhqtgzBlU%2FKCdK%2F1iENKGPZLLp%2Fa8hNvb4WSkoH0TKUhNQlPqtIx6CYsRaeh7Jtv3oKapBA2Arrgt9JpeZTzP7zJyw3ouh1FWLIooxBl3r%2FrIQ6vXJWpGggeZj%2Fy6GZkHRs%2FeVUDf49wNFaSEoj%2B9KYikon6pj46cDVLBeH8VeVa2BMIeI%2BoJ5nweIoA5zU3vgZszbw%3D%3D","environmentVariables":{"FIREBASE_CONFIG":"{\"projectId\":\"polus-cc376\",\"databaseURL\":\"https://polus-cc376.firebaseio.com\",\"storageBucket\":\"polus-cc376.appspot.com\",\"locationId\":\"us-central\"}"},"runtime":"nodejs14"},"versionId":"1","updateTime":"2021-08-09T21:49:37Z","buildId":"0cba0303-a214-436f-85ac-94a1ec64a8d1","buildName":"projects/926662511983/locations/us-central1/builds/0cba0303-a214-436f-85ac-94a1ec64a8d1"}}
[debug] [2021-08-09T21:50:41.710Z] [create-projects/polus-cc376/locations/us-central1/functions/newUserSignup] Retrying task index 0
[debug] [2021-08-09T21:50:41.711Z] >>> [apiv2][query] GET https://cloudfunctions.googleapis.com/v1/operations/cG9sdXMtY2MzNzYvdXMtY2VudHJhbDEvbmV3VXNlclNpZ251cC9rMXRJMjVoOVQtaw [none]
[debug] [2021-08-09T21:50:41.843Z] <<< [apiv2][status] GET https://cloudfunctions.googleapis.com/v1/operations/cG9sdXMtY2MzNzYvdXMtY2VudHJhbDEvbmV3VXNlclNpZ251cC9rMXRJMjVoOVQtaw 200
[debug] [2021-08-09T21:50:41.843Z] <<< [apiv2][body] GET https://cloudfunctions.googleapis.com/v1/operations/cG9sdXMtY2MzNzYvdXMtY2VudHJhbDEvbmV3VXNlclNpZ251cC9rMXRJMjVoOVQtaw {"name":"operations/cG9sdXMtY2MzNzYvdXMtY2VudHJhbDEvbmV3VXNlclNpZ251cC9rMXRJMjVoOVQtaw","metadata":{"@type":"type.googleapis.com/google.cloud.functions.v1.OperationMetadataV1","target":"projects/polus-cc376/locations/us-central1/functions/newUserSignup","type":"CREATE_FUNCTION","request":{"@type":"type.googleapis.com/google.cloud.functions.v1.CloudFunction","name":"projects/polus-cc376/locations/us-central1/functions/newUserSignup","eventTrigger":{"eventType":"providers/firebase.auth/eventTypes/user.create","resource":"projects/polus-cc376"},"entryPoint":"newUserSignup","labels":{"deployment-tool":"cli-firebase"},"sourceUploadUrl":"https://storage.googleapis.com/gcf-upload-us-central1-dc20d94e-91d9-48f2-98dd-6bf8003ce59d/1601aa47-81bd-4cd7-8bf0-5b2b99b10d02.zip?GoogleAccessId=service-926662511983@gcf-admin-robot.iam.gserviceaccount.com&Expires=1628547566&Signature=kf1hDiHktzmH8J%2FdKPc31JbJoCSJb7Gxyyvd0Hqv6b8esbZ9VUvz2uIWDIjd5Rk2eHBAcFEQhGqACNwoeXYDafVXMddUWYKQQ2POQkd4Nm%2BHgg9vdGzw2Qj4zy7oA683rwB9zUvnXC38eiUkhqtgzBlU%2FKCdK%2F1iENKGPZLLp%2Fa8hNvb4WSkoH0TKUhNQlPqtIx6CYsRaeh7Jtv3oKapBA2Arrgt9JpeZTzP7zJyw3ouh1FWLIooxBl3r%2FrIQ6vXJWpGggeZj%2Fy6GZkHRs%2FeVUDf49wNFaSEoj%2B9KYikon6pj46cDVLBeH8VeVa2BMIeI%2BoJ5nweIoA5zU3vgZszbw%3D%3D","environmentVariables":{"FIREBASE_CONFIG":"{\"projectId\":\"polus-cc376\",\"databaseURL\":\"https://polus-cc376.firebaseio.com\",\"storageBucket\":\"polus-cc376.appspot.com\",\"locationId\":\"us-central\"}"},"runtime":"nodejs14"},"versionId":"1","updateTime":"2021-08-09T21:49:37Z","buildId":"0cba0303-a214-436f-85ac-94a1ec64a8d1","sourceToken":"0e6100d1-a8ea-471e-a666-0bf1d6792fd7","buildName":"projects/926662511983/locations/us-central1/builds/0cba0303-a214-436f-85ac-94a1ec64a8d1"}}
[debug] [2021-08-09T21:50:41.844Z] Got sourceToken 0e6100d1-a8ea-471e-a666-0bf1d6792fd7 for region us-central1
[info] i  functions: creating Node.js 14 function userDeleted(us-central1)... 
[debug] [2021-08-09T21:50:41.845Z] > refreshing access token with scopes: ["email","https://www.googleapis.com/auth/cloud-platform","https://www.googleapis.com/auth/cloudplatformprojects.readonly","https://www.googleapis.com/auth/firebase","openid"]
[debug] [2021-08-09T21:50:41.845Z] >>> HTTP REQUEST POST https://www.googleapis.com/oauth2/v3/token  
 <request body omitted>
[info] i  functions: creating Node.js 14 function setNotificationTime(us-central1)... 
[debug] [2021-08-09T21:50:41.846Z] > refreshing access token with scopes: ["email","https://www.googleapis.com/auth/cloud-platform","https://www.googleapis.com/auth/cloudplatformprojects.readonly","https://www.googleapis.com/auth/firebase","openid"]
[debug] [2021-08-09T21:50:41.846Z] >>> HTTP REQUEST POST https://www.googleapis.com/oauth2/v3/token  
 <request body omitted>
[debug] [2021-08-09T21:50:41.914Z] <<< HTTP RESPONSE 200 {"cache-control":"no-cache, no-store, max-age=0, must-revalidate","date":"Mon, 09 Aug 2021 21:50:41 GMT","expires":"Mon, 01 Jan 1990 00:00:00 GMT","pragma":"no-cache","content-type":"application/json; charset=utf-8","vary":"X-Origin, Referer, Origin,Accept-Encoding","server":"scaffolding on HTTPServer2","x-xss-protection":"0","x-frame-options":"SAMEORIGIN","x-content-type-options":"nosniff","alt-svc":"h3=\":443\"; ma=2592000,h3-29=\":443\"; ma=2592000,h3-T051=\":443\"; ma=2592000,h3-Q050=\":443\"; ma=2592000,h3-Q046=\":443\"; ma=2592000,h3-Q043=\":443\"; ma=2592000,quic=\":443\"; ma=2592000; v=\"46,43\"","accept-ranges":"none","transfer-encoding":"chunked"}
[debug] [2021-08-09T21:50:41.924Z] >>> HTTP REQUEST POST https://cloudfunctions.googleapis.com/v1/projects/polus-cc376/locations/us-central1/functions  
 {"name":"projects/polus-cc376/locations/us-central1/functions/userDeleted","sourceUploadUrl":"https://storage.googleapis.com/gcf-upload-us-central1-dc20d94e-91d9-48f2-98dd-6bf8003ce59d/1601aa47-81bd-4cd7-8bf0-5b2b99b10d02.zip?GoogleAccessId=service-926662511983@gcf-admin-robot.iam.gserviceaccount.com&Expires=1628547566&Signature=kf1hDiHktzmH8J%2FdKPc31JbJoCSJb7Gxyyvd0Hqv6b8esbZ9VUvz2uIWDIjd5Rk2eHBAcFEQhGqACNwoeXYDafVXMddUWYKQQ2POQkd4Nm%2BHgg9vdGzw2Qj4zy7oA683rwB9zUvnXC38eiUkhqtgzBlU%2FKCdK%2F1iENKGPZLLp%2Fa8hNvb4WSkoH0TKUhNQlPqtIx6CYsRaeh7Jtv3oKapBA2Arrgt9JpeZTzP7zJyw3ouh1FWLIooxBl3r%2FrIQ6vXJWpGggeZj%2Fy6GZkHRs%2FeVUDf49wNFaSEoj%2B9KYikon6pj46cDVLBeH8VeVa2BMIeI%2BoJ5nweIoA5zU3vgZszbw%3D%3D","entryPoint":"userDeleted","runtime":"nodejs14","eventTrigger":{"eventType":"providers/firebase.auth/eventTypes/user.delete","resource":"projects/polus-cc376"},"labels":{"deployment-tool":"cli-firebase"},"environmentVariables":{"FIREBASE_CONFIG":"{\"projectId\":\"polus-cc376\",\"databaseURL\":\"https://polus-cc376.firebaseio.com\",\"storageBucket\":\"polus-cc376.appspot.com\",\"locationId\":\"us-central\"}"},"sourceToken":"0e6100d1-a8ea-471e-a666-0bf1d6792fd7"}
[debug] [2021-08-09T21:50:41.927Z] <<< HTTP RESPONSE 200 {"date":"Mon, 09 Aug 2021 21:50:41 GMT","expires":"Mon, 01 Jan 1990 00:00:00 GMT","pragma":"no-cache","cache-control":"no-cache, no-store, max-age=0, must-revalidate","content-type":"application/json; charset=utf-8","vary":"X-Origin, Referer, Origin,Accept-Encoding","server":"scaffolding on HTTPServer2","x-xss-protection":"0","x-frame-options":"SAMEORIGIN","x-content-type-options":"nosniff","alt-svc":"h3=\":443\"; ma=2592000,h3-29=\":443\"; ma=2592000,h3-T051=\":443\"; ma=2592000,h3-Q050=\":443\"; ma=2592000,h3-Q046=\":443\"; ma=2592000,h3-Q043=\":443\"; ma=2592000,quic=\":443\"; ma=2592000; v=\"46,43\"","accept-ranges":"none","transfer-encoding":"chunked"}
[debug] [2021-08-09T21:50:41.937Z] >>> HTTP REQUEST POST https://cloudfunctions.googleapis.com/v1/projects/polus-cc376/locations/us-central1/functions  
 {"name":"projects/polus-cc376/locations/us-central1/functions/setNotificationTime","sourceUploadUrl":"https://storage.googleapis.com/gcf-upload-us-central1-dc20d94e-91d9-48f2-98dd-6bf8003ce59d/1601aa47-81bd-4cd7-8bf0-5b2b99b10d02.zip?GoogleAccessId=service-926662511983@gcf-admin-robot.iam.gserviceaccount.com&Expires=1628547566&Signature=kf1hDiHktzmH8J%2FdKPc31JbJoCSJb7Gxyyvd0Hqv6b8esbZ9VUvz2uIWDIjd5Rk2eHBAcFEQhGqACNwoeXYDafVXMddUWYKQQ2POQkd4Nm%2BHgg9vdGzw2Qj4zy7oA683rwB9zUvnXC38eiUkhqtgzBlU%2FKCdK%2F1iENKGPZLLp%2Fa8hNvb4WSkoH0TKUhNQlPqtIx6CYsRaeh7Jtv3oKapBA2Arrgt9JpeZTzP7zJyw3ouh1FWLIooxBl3r%2FrIQ6vXJWpGggeZj%2Fy6GZkHRs%2FeVUDf49wNFaSEoj%2B9KYikon6pj46cDVLBeH8VeVa2BMIeI%2BoJ5nweIoA5zU3vgZszbw%3D%3D","entryPoint":"setNotificationTime","runtime":"nodejs14","eventTrigger":{"eventType":"providers/cloud.firestore/eventTypes/document.update","resource":"projects/polus-cc376/databases/(default)/documents/users/{collection}/{id}"},"labels":{"deployment-tool":"cli-firebase"},"environmentVariables":{"FIREBASE_CONFIG":"{\"projectId\":\"polus-cc376\",\"databaseURL\":\"https://polus-cc376.firebaseio.com\",\"storageBucket\":\"polus-cc376.appspot.com\",\"locationId\":\"us-central\"}"},"sourceToken":"0e6100d1-a8ea-471e-a666-0bf1d6792fd7"}
[debug] [2021-08-09T21:50:42.102Z] <<< HTTP RESPONSE 400 {"vary":"X-Origin, Referer, Origin,Accept-Encoding","content-type":"application/json; charset=UTF-8","date":"Mon, 09 Aug 2021 21:50:41 GMT","server":"ESF","cache-control":"private","x-xss-protection":"0","x-frame-options":"SAMEORIGIN","x-content-type-options":"nosniff","alt-svc":"h3=\":443\"; ma=2592000,h3-29=\":443\"; ma=2592000,h3-T051=\":443\"; ma=2592000,h3-Q050=\":443\"; ma=2592000,h3-Q046=\":443\"; ma=2592000,h3-Q043=\":443\"; ma=2592000,quic=\":443\"; ma=2592000; v=\"46,43\"","accept-ranges":"none","transfer-encoding":"chunked"}
[debug] [2021-08-09T21:50:42.102Z] <<< HTTP RESPONSE BODY {"error":{"code":400,"message":"The request has errors","status":"INVALID_ARGUMENT","details":[{"@type":"type.googleapis.com/google.rpc.BadRequest","fieldViolations":[{"field":"event_trigger","description":"Expected value users/{collection}/{id} to match regular expression [^/]+/[^/]+(/[^/]+/[^/]+)*"}]}]}}
[warn] !  functions: failed to create function projects/polus-cc376/locations/us-central1/functions/setNotificationTime 
[debug] [2021-08-09T21:50:42.275Z] <<< HTTP RESPONSE 200 {"content-type":"application/json; charset=UTF-8","vary":"X-Origin, Referer, Origin,Accept-Encoding","date":"Mon, 09 Aug 2021 21:50:42 GMT","server":"ESF","cache-control":"private","x-xss-protection":"0","x-frame-options":"SAMEORIGIN","x-content-type-options":"nosniff","alt-svc":"h3=\":443\"; ma=2592000,h3-29=\":443\"; ma=2592000,h3-T051=\":443\"; ma=2592000,h3-Q050=\":443\"; ma=2592000,h3-Q046=\":443\"; ma=2592000,h3-Q043=\":443\"; ma=2592000,quic=\":443\"; ma=2592000; v=\"46,43\"","accept-ranges":"none","transfer-encoding":"chunked"}
[debug] [2021-08-09T21:50:42.275Z] > refreshing access token with scopes: []
[debug] [2021-08-09T21:50:42.275Z] >>> HTTP REQUEST POST https://www.googleapis.com/oauth2/v3/token  
 <request body omitted>
[debug] [2021-08-09T21:50:42.341Z] <<< HTTP RESPONSE 200 {"expires":"Mon, 01 Jan 1990 00:00:00 GMT","pragma":"no-cache","cache-control":"no-cache, no-store, max-age=0, must-revalidate","date":"Mon, 09 Aug 2021 21:50:42 GMT","content-type":"application/json; charset=utf-8","vary":"X-Origin, Referer, Origin,Accept-Encoding","server":"scaffolding on HTTPServer2","x-xss-protection":"0","x-frame-options":"SAMEORIGIN","x-content-type-options":"nosniff","alt-svc":"h3=\":443\"; ma=2592000,h3-29=\":443\"; ma=2592000,h3-T051=\":443\"; ma=2592000,h3-Q050=\":443\"; ma=2592000,h3-Q046=\":443\"; ma=2592000,h3-Q043=\":443\"; ma=2592000,quic=\":443\"; ma=2592000; v=\"46,43\"","accept-ranges":"none","transfer-encoding":"chunked"}
[debug] [2021-08-09T21:50:42.351Z] >>> [apiv2][query] GET https://cloudfunctions.googleapis.com/v1/operations/cG9sdXMtY2MzNzYvdXMtY2VudHJhbDEvdXNlckRlbGV0ZWQvcUZjNkljOGpubWM [none]
[debug] [2021-08-09T21:50:42.490Z] <<< [apiv2][status] GET https://cloudfunctions.googleapis.com/v1/operations/cG9sdXMtY2MzNzYvdXMtY2VudHJhbDEvdXNlckRlbGV0ZWQvcUZjNkljOGpubWM 200
[debug] [2021-08-09T21:50:42.490Z] <<< [apiv2][body] GET https://cloudfunctions.googleapis.com/v1/operations/cG9sdXMtY2MzNzYvdXMtY2VudHJhbDEvdXNlckRlbGV0ZWQvcUZjNkljOGpubWM {"name":"operations/cG9sdXMtY2MzNzYvdXMtY2VudHJhbDEvdXNlckRlbGV0ZWQvcUZjNkljOGpubWM","metadata":{"@type":"type.googleapis.com/google.cloud.functions.v1.OperationMetadataV1","target":"projects/polus-cc376/locations/us-central1/functions/userDeleted","type":"CREATE_FUNCTION","request":{"@type":"type.googleapis.com/google.cloud.functions.v1.CloudFunction","name":"projects/polus-cc376/locations/us-central1/functions/userDeleted","eventTrigger":{"eventType":"providers/firebase.auth/eventTypes/user.delete","resource":"projects/polus-cc376"},"entryPoint":"userDeleted","labels":{"deployment-tool":"cli-firebase"},"sourceUploadUrl":"https://storage.googleapis.com/gcf-upload-us-central1-dc20d94e-91d9-48f2-98dd-6bf8003ce59d/1601aa47-81bd-4cd7-8bf0-5b2b99b10d02.zip?GoogleAccessId=service-926662511983@gcf-admin-robot.iam.gserviceaccount.com&Expires=1628547566&Signature=kf1hDiHktzmH8J%2FdKPc31JbJoCSJb7Gxyyvd0Hqv6b8esbZ9VUvz2uIWDIjd5Rk2eHBAcFEQhGqACNwoeXYDafVXMddUWYKQQ2POQkd4Nm%2BHgg9vdGzw2Qj4zy7oA683rwB9zUvnXC38eiUkhqtgzBlU%2FKCdK%2F1iENKGPZLLp%2Fa8hNvb4WSkoH0TKUhNQlPqtIx6CYsRaeh7Jtv3oKapBA2Arrgt9JpeZTzP7zJyw3ouh1FWLIooxBl3r%2FrIQ6vXJWpGggeZj%2Fy6GZkHRs%2FeVUDf49wNFaSEoj%2B9KYikon6pj46cDVLBeH8VeVa2BMIeI%2BoJ5nweIoA5zU3vgZszbw%3D%3D","environmentVariables":{"FIREBASE_CONFIG":"{\"projectId\":\"polus-cc376\",\"databaseURL\":\"https://polus-cc376.firebaseio.com\",\"storageBucket\":\"polus-cc376.appspot.com\",\"locationId\":\"us-central\"}"},"runtime":"nodejs14","sourceToken":"0e6100d1-a8ea-471e-a666-0bf1d6792fd7"},"versionId":"1","updateTime":"2021-08-09T21:50:42Z","sourceToken":"0e6100d1-a8ea-471e-a666-0bf1d6792fd7"}}
[debug] [2021-08-09T21:50:42.490Z] Got sourceToken 0e6100d1-a8ea-471e-a666-0bf1d6792fd7 for region us-central1
[debug] [2021-08-09T21:50:42.995Z] [create-projects/polus-cc376/locations/us-central1/functions/userDeleted] Retrying task index 0
[debug] [2021-08-09T21:50:42.995Z] >>> [apiv2][query] GET https://cloudfunctions.googleapis.com/v1/operations/cG9sdXMtY2MzNzYvdXMtY2VudHJhbDEvdXNlckRlbGV0ZWQvcUZjNkljOGpubWM [none]
[debug] [2021-08-09T21:50:43.129Z] <<< [apiv2][status] GET https://cloudfunctions.googleapis.com/v1/operations/cG9sdXMtY2MzNzYvdXMtY2VudHJhbDEvdXNlckRlbGV0ZWQvcUZjNkljOGpubWM 200
[debug] [2021-08-09T21:50:43.129Z] <<< [apiv2][body] GET https://cloudfunctions.googleapis.com/v1/operations/cG9sdXMtY2MzNzYvdXMtY2VudHJhbDEvdXNlckRlbGV0ZWQvcUZjNkljOGpubWM {"name":"operations/cG9sdXMtY2MzNzYvdXMtY2VudHJhbDEvdXNlckRlbGV0ZWQvcUZjNkljOGpubWM","metadata":{"@type":"type.googleapis.com/google.cloud.functions.v1.OperationMetadataV1","target":"projects/polus-cc376/locations/us-central1/functions/userDeleted","type":"CREATE_FUNCTION","request":{"@type":"type.googleapis.com/google.cloud.functions.v1.CloudFunction","name":"projects/polus-cc376/locations/us-central1/functions/userDeleted","eventTrigger":{"eventType":"providers/firebase.auth/eventTypes/user.delete","resource":"projects/polus-cc376"},"entryPoint":"userDeleted","labels":{"deployment-tool":"cli-firebase"},"sourceUploadUrl":"https://storage.googleapis.com/gcf-upload-us-central1-dc20d94e-91d9-48f2-98dd-6bf8003ce59d/1601aa47-81bd-4cd7-8bf0-5b2b99b10d02.zip?GoogleAccessId=service-926662511983@gcf-admin-robot.iam.gserviceaccount.com&Expires=1628547566&Signature=kf1hDiHktzmH8J%2FdKPc31JbJoCSJb7Gxyyvd0Hqv6b8esbZ9VUvz2uIWDIjd5Rk2eHBAcFEQhGqACNwoeXYDafVXMddUWYKQQ2POQkd4Nm%2BHgg9vdGzw2Qj4zy7oA683rwB9zUvnXC38eiUkhqtgzBlU%2FKCdK%2F1iENKGPZLLp%2Fa8hNvb4WSkoH0TKUhNQlPqtIx6CYsRaeh7Jtv3oKapBA2Arrgt9JpeZTzP7zJyw3ouh1FWLIooxBl3r%2FrIQ6vXJWpGggeZj%2Fy6GZkHRs%2FeVUDf49wNFaSEoj%2B9KYikon6pj46cDVLBeH8VeVa2BMIeI%2BoJ5nweIoA5zU3vgZszbw%3D%3D","environmentVariables":{"FIREBASE_CONFIG":"{\"projectId\":\"polus-cc376\",\"databaseURL\":\"https://polus-cc376.firebaseio.com\",\"storageBucket\":\"polus-cc376.appspot.com\",\"locationId\":\"us-central\"}"},"runtime":"nodejs14","sourceToken":"0e6100d1-a8ea-471e-a666-0bf1d6792fd7"},"versionId":"1","updateTime":"2021-08-09T21:50:42Z","sourceToken":"0e6100d1-a8ea-471e-a666-0bf1d6792fd7"}}
[debug] [2021-08-09T21:50:43.129Z] Got sourceToken 0e6100d1-a8ea-471e-a666-0bf1d6792fd7 for region us-central1
[debug] [2021-08-09T21:50:44.133Z] [create-projects/polus-cc376/locations/us-central1/functions/userDeleted] Retrying task index 0
[debug] [2021-08-09T21:50:44.134Z] >>> [apiv2][query] GET https://cloudfunctions.googleapis.com/v1/operations/cG9sdXMtY2MzNzYvdXMtY2VudHJhbDEvdXNlckRlbGV0ZWQvcUZjNkljOGpubWM [none]
[debug] [2021-08-09T21:50:44.276Z] <<< [apiv2][status] GET https://cloudfunctions.googleapis.com/v1/operations/cG9sdXMtY2MzNzYvdXMtY2VudHJhbDEvdXNlckRlbGV0ZWQvcUZjNkljOGpubWM 200
[debug] [2021-08-09T21:50:44.277Z] <<< [apiv2][body] GET https://cloudfunctions.googleapis.com/v1/operations/cG9sdXMtY2MzNzYvdXMtY2VudHJhbDEvdXNlckRlbGV0ZWQvcUZjNkljOGpubWM {"name":"operations/cG9sdXMtY2MzNzYvdXMtY2VudHJhbDEvdXNlckRlbGV0ZWQvcUZjNkljOGpubWM","metadata":{"@type":"type.googleapis.com/google.cloud.functions.v1.OperationMetadataV1","target":"projects/polus-cc376/locations/us-central1/functions/userDeleted","type":"CREATE_FUNCTION","request":{"@type":"type.googleapis.com/google.cloud.functions.v1.CloudFunction","name":"projects/polus-cc376/locations/us-central1/functions/userDeleted","eventTrigger":{"eventType":"providers/firebase.auth/eventTypes/user.delete","resource":"projects/polus-cc376"},"entryPoint":"userDeleted","labels":{"deployment-tool":"cli-firebase"},"sourceUploadUrl":"https://storage.googleapis.com/gcf-upload-us-central1-dc20d94e-91d9-48f2-98dd-6bf8003ce59d/1601aa47-81bd-4cd7-8bf0-5b2b99b10d02.zip?GoogleAccessId=service-926662511983@gcf-admin-robot.iam.gserviceaccount.com&Expires=1628547566&Signature=kf1hDiHktzmH8J%2FdKPc31JbJoCSJb7Gxyyvd0Hqv6b8esbZ9VUvz2uIWDIjd5Rk2eHBAcFEQhGqACNwoeXYDafVXMddUWYKQQ2POQkd4Nm%2BHgg9vdGzw2Qj4zy7oA683rwB9zUvnXC38eiUkhqtgzBlU%2FKCdK%2F1iENKGPZLLp%2Fa8hNvb4WSkoH0TKUhNQlPqtIx6CYsRaeh7Jtv3oKapBA2Arrgt9JpeZTzP7zJyw3ouh1FWLIooxBl3r%2FrIQ6vXJWpGggeZj%2Fy6GZkHRs%2FeVUDf49wNFaSEoj%2B9KYikon6pj46cDVLBeH8VeVa2BMIeI%2BoJ5nweIoA5zU3vgZszbw%3D%3D","environmentVariables":{"FIREBASE_CONFIG":"{\"projectId\":\"polus-cc376\",\"databaseURL\":\"https://polus-cc376.firebaseio.com\",\"storageBucket\":\"polus-cc376.appspot.com\",\"locationId\":\"us-central\"}"},"runtime":"nodejs14","sourceToken":"0e6100d1-a8ea-471e-a666-0bf1d6792fd7"},"versionId":"1","updateTime":"2021-08-09T21:50:42Z","sourceToken":"0e6100d1-a8ea-471e-a666-0bf1d6792fd7"}}
[debug] [2021-08-09T21:50:44.277Z] Got sourceToken 0e6100d1-a8ea-471e-a666-0bf1d6792fd7 for region us-central1
[debug] [2021-08-09T21:50:46.278Z] [create-projects/polus-cc376/locations/us-central1/functions/userDeleted] Retrying task index 0
[debug] [2021-08-09T21:50:46.279Z] >>> [apiv2][query] GET https://cloudfunctions.googleapis.com/v1/operations/cG9sdXMtY2MzNzYvdXMtY2VudHJhbDEvdXNlckRlbGV0ZWQvcUZjNkljOGpubWM [none]
[debug] [2021-08-09T21:50:46.410Z] <<< [apiv2][status] GET https://cloudfunctions.googleapis.com/v1/operations/cG9sdXMtY2MzNzYvdXMtY2VudHJhbDEvdXNlckRlbGV0ZWQvcUZjNkljOGpubWM 200
[debug] [2021-08-09T21:50:46.410Z] <<< [apiv2][body] GET https://cloudfunctions.googleapis.com/v1/operations/cG9sdXMtY2MzNzYvdXMtY2VudHJhbDEvdXNlckRlbGV0ZWQvcUZjNkljOGpubWM {"name":"operations/cG9sdXMtY2MzNzYvdXMtY2VudHJhbDEvdXNlckRlbGV0ZWQvcUZjNkljOGpubWM","metadata":{"@type":"type.googleapis.com/google.cloud.functions.v1.OperationMetadataV1","target":"projects/polus-cc376/locations/us-central1/functions/userDeleted","type":"CREATE_FUNCTION","request":{"@type":"type.googleapis.com/google.cloud.functions.v1.CloudFunction","name":"projects/polus-cc376/locations/us-central1/functions/userDeleted","eventTrigger":{"eventType":"providers/firebase.auth/eventTypes/user.delete","resource":"projects/polus-cc376"},"entryPoint":"userDeleted","labels":{"deployment-tool":"cli-firebase"},"sourceUploadUrl":"https://storage.googleapis.com/gcf-upload-us-central1-dc20d94e-91d9-48f2-98dd-6bf8003ce59d/1601aa47-81bd-4cd7-8bf0-5b2b99b10d02.zip?GoogleAccessId=service-926662511983@gcf-admin-robot.iam.gserviceaccount.com&Expires=1628547566&Signature=kf1hDiHktzmH8J%2FdKPc31JbJoCSJb7Gxyyvd0Hqv6b8esbZ9VUvz2uIWDIjd5Rk2eHBAcFEQhGqACNwoeXYDafVXMddUWYKQQ2POQkd4Nm%2BHgg9vdGzw2Qj4zy7oA683rwB9zUvnXC38eiUkhqtgzBlU%2FKCdK%2F1iENKGPZLLp%2Fa8hNvb4WSkoH0TKUhNQlPqtIx6CYsRaeh7Jtv3oKapBA2Arrgt9JpeZTzP7zJyw3ouh1FWLIooxBl3r%2FrIQ6vXJWpGggeZj%2Fy6GZkHRs%2FeVUDf49wNFaSEoj%2B9KYikon6pj46cDVLBeH8VeVa2BMIeI%2BoJ5nweIoA5zU3vgZszbw%3D%3D","environmentVariables":{"FIREBASE_CONFIG":"{\"projectId\":\"polus-cc376\",\"databaseURL\":\"https://polus-cc376.firebaseio.com\",\"storageBucket\":\"polus-cc376.appspot.com\",\"locationId\":\"us-central\"}"},"runtime":"nodejs14","sourceToken":"0e6100d1-a8ea-471e-a666-0bf1d6792fd7"},"versionId":"1","updateTime":"2021-08-09T21:50:42Z","buildId":"0cba0303-a214-436f-85ac-94a1ec64a8d1","sourceToken":"0e6100d1-a8ea-471e-a666-0bf1d6792fd7","buildName":"projects/926662511983/locations/us-central1/builds/0cba0303-a214-436f-85ac-94a1ec64a8d1"}}
[debug] [2021-08-09T21:50:46.411Z] Got sourceToken 0e6100d1-a8ea-471e-a666-0bf1d6792fd7 for region us-central1
[debug] [2021-08-09T21:50:50.420Z] [create-projects/polus-cc376/locations/us-central1/functions/userDeleted] Retrying task index 0
[debug] [2021-08-09T21:50:50.420Z] >>> [apiv2][query] GET https://cloudfunctions.googleapis.com/v1/operations/cG9sdXMtY2MzNzYvdXMtY2VudHJhbDEvdXNlckRlbGV0ZWQvcUZjNkljOGpubWM [none]
[debug] [2021-08-09T21:50:50.566Z] <<< [apiv2][status] GET https://cloudfunctions.googleapis.com/v1/operations/cG9sdXMtY2MzNzYvdXMtY2VudHJhbDEvdXNlckRlbGV0ZWQvcUZjNkljOGpubWM 200
[debug] [2021-08-09T21:50:50.566Z] <<< [apiv2][body] GET https://cloudfunctions.googleapis.com/v1/operations/cG9sdXMtY2MzNzYvdXMtY2VudHJhbDEvdXNlckRlbGV0ZWQvcUZjNkljOGpubWM {"name":"operations/cG9sdXMtY2MzNzYvdXMtY2VudHJhbDEvdXNlckRlbGV0ZWQvcUZjNkljOGpubWM","metadata":{"@type":"type.googleapis.com/google.cloud.functions.v1.OperationMetadataV1","target":"projects/polus-cc376/locations/us-central1/functions/userDeleted","type":"CREATE_FUNCTION","request":{"@type":"type.googleapis.com/google.cloud.functions.v1.CloudFunction","name":"projects/polus-cc376/locations/us-central1/functions/userDeleted","eventTrigger":{"eventType":"providers/firebase.auth/eventTypes/user.delete","resource":"projects/polus-cc376"},"entryPoint":"userDeleted","labels":{"deployment-tool":"cli-firebase"},"sourceUploadUrl":"https://storage.googleapis.com/gcf-upload-us-central1-dc20d94e-91d9-48f2-98dd-6bf8003ce59d/1601aa47-81bd-4cd7-8bf0-5b2b99b10d02.zip?GoogleAccessId=service-926662511983@gcf-admin-robot.iam.gserviceaccount.com&Expires=1628547566&Signature=kf1hDiHktzmH8J%2FdKPc31JbJoCSJb7Gxyyvd0Hqv6b8esbZ9VUvz2uIWDIjd5Rk2eHBAcFEQhGqACNwoeXYDafVXMddUWYKQQ2POQkd4Nm%2BHgg9vdGzw2Qj4zy7oA683rwB9zUvnXC38eiUkhqtgzBlU%2FKCdK%2F1iENKGPZLLp%2Fa8hNvb4WSkoH0TKUhNQlPqtIx6CYsRaeh7Jtv3oKapBA2Arrgt9JpeZTzP7zJyw3ouh1FWLIooxBl3r%2FrIQ6vXJWpGggeZj%2Fy6GZkHRs%2FeVUDf49wNFaSEoj%2B9KYikon6pj46cDVLBeH8VeVa2BMIeI%2BoJ5nweIoA5zU3vgZszbw%3D%3D","environmentVariables":{"FIREBASE_CONFIG":"{\"projectId\":\"polus-cc376\",\"databaseURL\":\"https://polus-cc376.firebaseio.com\",\"storageBucket\":\"polus-cc376.appspot.com\",\"locationId\":\"us-central\"}"},"runtime":"nodejs14","sourceToken":"0e6100d1-a8ea-471e-a666-0bf1d6792fd7"},"versionId":"1","updateTime":"2021-08-09T21:50:42Z","buildId":"0cba0303-a214-436f-85ac-94a1ec64a8d1","sourceToken":"0e6100d1-a8ea-471e-a666-0bf1d6792fd7","buildName":"projects/926662511983/locations/us-central1/builds/0cba0303-a214-436f-85ac-94a1ec64a8d1"}}
[debug] [2021-08-09T21:50:50.567Z] Got sourceToken 0e6100d1-a8ea-471e-a666-0bf1d6792fd7 for region us-central1
